This file contains any messages produced by compilers while
running configure, to aid debugging if configure makes a mistake.

It was created by configure, which was
generated by GNU Autoconf 2.69.  Invocation command line was

  $ ./configure 

## --------- ##
## Platform. ##
## --------- ##

hostname = lvs3
uname -m = x86_64
uname -r = 3.10.0-327.el7.x86_64
uname -s = Linux
uname -v = #1 SMP Thu Nov 19 22:10:57 UTC 2015

/usr/bin/uname -p = x86_64
/bin/uname -X     = unknown

/bin/arch              = x86_64
/usr/bin/arch -k       = unknown
/usr/convex/getsysinfo = unknown
/usr/bin/hostinfo      = unknown
/bin/machine           = unknown
/usr/bin/oslevel       = unknown
/bin/universe          = unknown

PATH: /sbin
PATH: /bin
PATH: /usr/sbin
PATH: /usr/bin


## ----------- ##
## Core tests. ##
## ----------- ##

configure:2264: checking for gcc
configure:2280: found /bin/gcc
configure:2291: result: gcc
configure:2520: checking for C compiler version
configure:2529: gcc --version >&5
gcc (GCC) 4.8.5 20150623 (Red Hat 4.8.5-4)
Copyright (C) 2015 Free Software Foundation, Inc.
This is free software; see the source for copying conditions.  There is NO
warranty; not even for MERCHANTABILITY or FITNESS FOR A PARTICULAR PURPOSE.

configure:2540: $? = 0
configure:2529: gcc -v >&5
Using built-in specs.
COLLECT_GCC=gcc
COLLECT_LTO_WRAPPER=/usr/libexec/gcc/x86_64-redhat-linux/4.8.5/lto-wrapper
Target: x86_64-redhat-linux
Configured with: ../configure --prefix=/usr --mandir=/usr/share/man --infodir=/usr/share/info --with-bugurl=http://bugzilla.redhat.com/bugzilla --enable-bootstrap --enable-shared --enable-threads=posix --enable-checking=release --with-system-zlib --enable-__cxa_atexit --disable-libunwind-exceptions --enable-gnu-unique-object --enable-linker-build-id --with-linker-hash-style=gnu --enable-languages=c,c++,objc,obj-c++,java,fortran,ada,go,lto --enable-plugin --enable-initfini-array --disable-libgcj --with-isl=/builddir/build/BUILD/gcc-4.8.5-20150702/obj-x86_64-redhat-linux/isl-install --with-cloog=/builddir/build/BUILD/gcc-4.8.5-20150702/obj-x86_64-redhat-linux/cloog-install --enable-gnu-indirect-function --with-tune=generic --with-arch_32=x86-64 --build=x86_64-redhat-linux
Thread model: posix
gcc version 4.8.5 20150623 (Red Hat 4.8.5-4) (GCC) 
configure:2540: $? = 0
configure:2529: gcc -V >&5
gcc: error: unrecognized command line option '-V'
gcc: fatal error: no input files
compilation terminated.
configure:2540: $? = 4
configure:2529: gcc -qversion >&5
gcc: error: unrecognized command line option '-qversion'
gcc: fatal error: no input files
compilation terminated.
configure:2540: $? = 4
configure:2560: checking whether the C compiler works
configure:2582: gcc    conftest.c  >&5
configure:2586: $? = 0
configure:2634: result: yes
configure:2637: checking for C compiler default output file name
configure:2639: result: a.out
configure:2645: checking for suffix of executables
configure:2652: gcc -o conftest    conftest.c  >&5
configure:2656: $? = 0
configure:2678: result: 
configure:2700: checking whether we are cross compiling
configure:2708: gcc -o conftest    conftest.c  >&5
configure:2712: $? = 0
configure:2719: ./conftest
configure:2723: $? = 0
configure:2738: result: no
configure:2743: checking for suffix of object files
configure:2765: gcc -c   conftest.c >&5
configure:2769: $? = 0
configure:2790: result: o
configure:2794: checking whether we are using the GNU C compiler
configure:2813: gcc -c   conftest.c >&5
configure:2813: $? = 0
configure:2822: result: yes
configure:2831: checking whether gcc accepts -g
configure:2851: gcc -c -g  conftest.c >&5
configure:2851: $? = 0
configure:2892: result: yes
configure:2909: checking for gcc option to accept ISO C89
configure:2972: gcc  -c -g -O2  conftest.c >&5
configure:2972: $? = 0
configure:2985: result: none needed
configure:3048: checking for a BSD-compatible install
configure:3116: result: /bin/install -c
configure:3170: checking for strip
configure:3186: found /bin/strip
configure:3197: result: strip
configure:3268: checking how to run the C preprocessor
configure:3299: gcc -E  conftest.c
configure:3299: $? = 0
configure:3313: gcc -E  conftest.c
conftest.c:9:28: fatal error: ac_nonexistent.h: No such file or directory
 #include <ac_nonexistent.h>
                            ^
compilation terminated.
configure:3313: $? = 1
configure: failed program was:
| /* confdefs.h */
| #define PACKAGE_NAME ""
| #define PACKAGE_TARNAME ""
| #define PACKAGE_VERSION ""
| #define PACKAGE_STRING ""
| #define PACKAGE_BUGREPORT ""
| #define PACKAGE_URL ""
| /* end confdefs.h.  */
| #include <ac_nonexistent.h>
configure:3338: result: gcc -E
configure:3358: gcc -E  conftest.c
configure:3358: $? = 0
configure:3372: gcc -E  conftest.c
conftest.c:9:28: fatal error: ac_nonexistent.h: No such file or directory
 #include <ac_nonexistent.h>
                            ^
compilation terminated.
configure:3372: $? = 1
configure: failed program was:
| /* confdefs.h */
| #define PACKAGE_NAME ""
| #define PACKAGE_TARNAME ""
| #define PACKAGE_VERSION ""
| #define PACKAGE_STRING ""
| #define PACKAGE_BUGREPORT ""
| #define PACKAGE_URL ""
| /* end confdefs.h.  */
| #include <ac_nonexistent.h>
configure:3401: checking for grep that handles long lines and -e
configure:3459: result: /bin/grep
configure:3464: checking for egrep
configure:3526: result: /bin/grep -E
configure:3531: checking for ANSI C header files
configure:3551: gcc -c -g -O2  conftest.c >&5
configure:3551: $? = 0
configure:3624: gcc -o conftest -g -O2   conftest.c  >&5
configure:3624: $? = 0
configure:3624: ./conftest
configure:3624: $? = 0
configure:3635: result: yes
configure:3643: checking for sys/wait.h that is POSIX.1 compatible
configure:3669: gcc -c -g -O2  conftest.c >&5
configure:3669: $? = 0
configure:3676: result: yes
configure:3689: checking for sys/types.h
configure:3689: gcc -c -g -O2  conftest.c >&5
configure:3689: $? = 0
configure:3689: result: yes
configure:3689: checking for sys/stat.h
configure:3689: gcc -c -g -O2  conftest.c >&5
configure:3689: $? = 0
configure:3689: result: yes
configure:3689: checking for stdlib.h
configure:3689: gcc -c -g -O2  conftest.c >&5
configure:3689: $? = 0
configure:3689: result: yes
configure:3689: checking for string.h
configure:3689: gcc -c -g -O2  conftest.c >&5
configure:3689: $? = 0
configure:3689: result: yes
configure:3689: checking for memory.h
configure:3689: gcc -c -g -O2  conftest.c >&5
configure:3689: $? = 0
configure:3689: result: yes
configure:3689: checking for strings.h
configure:3689: gcc -c -g -O2  conftest.c >&5
configure:3689: $? = 0
configure:3689: result: yes
configure:3689: checking for inttypes.h
configure:3689: gcc -c -g -O2  conftest.c >&5
configure:3689: $? = 0
configure:3689: result: yes
configure:3689: checking for stdint.h
configure:3689: gcc -c -g -O2  conftest.c >&5
configure:3689: $? = 0
configure:3689: result: yes
configure:3689: checking for unistd.h
configure:3689: gcc -c -g -O2  conftest.c >&5
configure:3689: $? = 0
configure:3689: result: yes
configure:3704: checking fcntl.h usability
configure:3704: gcc -c -g -O2  conftest.c >&5
configure:3704: $? = 0
configure:3704: result: yes
configure:3704: checking fcntl.h presence
configure:3704: gcc -E  conftest.c
configure:3704: $? = 0
configure:3704: result: yes
configure:3704: checking for fcntl.h
configure:3704: result: yes
configure:3704: checking syslog.h usability
configure:3704: gcc -c -g -O2  conftest.c >&5
configure:3704: $? = 0
configure:3704: result: yes
configure:3704: checking syslog.h presence
configure:3704: gcc -E  conftest.c
configure:3704: $? = 0
configure:3704: result: yes
configure:3704: checking for syslog.h
configure:3704: result: yes
configure:3704: checking for unistd.h
configure:3704: result: yes
configure:3704: checking sys/ioctl.h usability
configure:3704: gcc -c -g -O2  conftest.c >&5
configure:3704: $? = 0
configure:3704: result: yes
configure:3704: checking sys/ioctl.h presence
configure:3704: gcc -E  conftest.c
configure:3704: $? = 0
configure:3704: result: yes
configure:3704: checking for sys/ioctl.h
configure:3704: result: yes
configure:3704: checking sys/time.h usability
configure:3704: gcc -c -g -O2  conftest.c >&5
configure:3704: $? = 0
configure:3704: result: yes
configure:3704: checking sys/time.h presence
configure:3704: gcc -E  conftest.c
configure:3704: $? = 0
configure:3704: result: yes
configure:3704: checking for sys/time.h
configure:3704: result: yes
configure:3717: checking openssl/ssl.h usability
configure:3717: gcc -c -g -O2  conftest.c >&5
configure:3717: $? = 0
configure:3717: result: yes
configure:3717: checking openssl/ssl.h presence
configure:3717: gcc -E  conftest.c
configure:3717: $? = 0
configure:3717: result: yes
configure:3717: checking for openssl/ssl.h
configure:3717: result: yes
configure:3717: checking openssl/md5.h usability
configure:3717: gcc -c -g -O2  conftest.c >&5
configure:3717: $? = 0
configure:3717: result: yes
configure:3717: checking openssl/md5.h presence
configure:3717: gcc -E  conftest.c
configure:3717: $? = 0
configure:3717: result: yes
configure:3717: checking for openssl/md5.h
configure:3717: result: yes
configure:3717: checking openssl/err.h usability
configure:3717: gcc -c -g -O2  conftest.c >&5
configure:3717: $? = 0
configure:3717: result: yes
configure:3717: checking openssl/err.h presence
configure:3717: gcc -E  conftest.c
configure:3717: $? = 0
configure:3717: result: yes
configure:3717: checking for openssl/err.h
configure:3717: result: yes
configure:3731: checking whether ETHERTYPE_IPV6 is declared
configure:3731: gcc -c -g -O2  conftest.c >&5
configure:3731: $? = 0
configure:3731: result: yes
configure:3740: checking for MD5_Init in -lcrypto
configure:3765: gcc -o conftest -g -O2   conftest.c -lcrypto   >&5
configure:3765: $? = 0
configure:3774: result: yes
configure:3787: checking for SSL_CTX_new in -lssl
configure:3812: gcc -o conftest -g -O2   conftest.c -lssl  -lcrypto  >&5
configure:3812: $? = 0
configure:3821: result: yes
configure:3834: checking for poptGetContext in -lpopt
configure:3859: gcc -o conftest -g -O2   conftest.c -lpopt  -lssl -lcrypto  >&5
configure:3859: $? = 0
configure:3868: result: yes
configure:3881: checking for nl_handle_alloc in -lnl
configure:3906: gcc -o conftest -g -O2   conftest.c -lnl  -lpopt -lssl -lcrypto  >&5
configure:3906: $? = 0
configure:3915: result: yes
configure:3932: checking for kernel version
configure:3965: gcc -o conftest -g -O2  -I/usr/src/linux/include  conftest.c -lpopt -lssl -lcrypto  -lnl-3 -lnl-genl-3 >&5
configure:3965: $? = 0
configure:3965: ./conftest
configure:3965: $? = 0
configure:3993: result: 3.10.0
configure:4012: checking net/ip_vs.h usability
configure:4012: gcc -c -g -O2  -I/usr/src/linux/include conftest.c >&5
configure:4012: $? = 0
configure:4012: result: yes
configure:4012: checking net/ip_vs.h presence
configure:4012: gcc -E  -I/usr/src/linux/include conftest.c
configure:4012: $? = 0
configure:4012: result: yes
configure:4012: checking for net/ip_vs.h
configure:4012: result: yes
configure:4032: checking for IPVS syncd support
configure:4047: result: yes
configure:4077: checking for an ANSI C-conforming const
configure:4143: gcc -c -g -O2  -I/usr/src/linux/include conftest.c >&5
configure:4143: $? = 0
configure:4150: result: yes
configure:4158: checking for pid_t
configure:4158: gcc -c -g -O2  -I/usr/src/linux/include conftest.c >&5
configure:4158: $? = 0
configure:4158: gcc -c -g -O2  -I/usr/src/linux/include conftest.c >&5
conftest.c: In function 'main':
conftest.c:67:20: error: expected expression before ')' token
 if (sizeof ((pid_t)))
                    ^
configure:4158: $? = 1
configure: failed program was:
| /* confdefs.h */
| #define PACKAGE_NAME ""
| #define PACKAGE_TARNAME ""
| #define PACKAGE_VERSION ""
| #define PACKAGE_STRING ""
| #define PACKAGE_BUGREPORT ""
| #define PACKAGE_URL ""
| #define STDC_HEADERS 1
| #define HAVE_SYS_WAIT_H 1
| #define HAVE_SYS_TYPES_H 1
| #define HAVE_SYS_STAT_H 1
| #define HAVE_STDLIB_H 1
| #define HAVE_STRING_H 1
| #define HAVE_MEMORY_H 1
| #define HAVE_STRINGS_H 1
| #define HAVE_INTTYPES_H 1
| #define HAVE_STDINT_H 1
| #define HAVE_UNISTD_H 1
| #define HAVE_FCNTL_H 1
| #define HAVE_SYSLOG_H 1
| #define HAVE_UNISTD_H 1
| #define HAVE_SYS_IOCTL_H 1
| #define HAVE_SYS_TIME_H 1
| #define HAVE_OPENSSL_SSL_H 1
| #define HAVE_OPENSSL_MD5_H 1
| #define HAVE_OPENSSL_ERR_H 1
| #define HAVE_LIBCRYPTO 1
| #define HAVE_LIBSSL 1
| #define HAVE_LIBPOPT 1
| /* end confdefs.h.  */
| #include <stdio.h>
| #ifdef HAVE_SYS_TYPES_H
| # include <sys/types.h>
| #endif
| #ifdef HAVE_SYS_STAT_H
| # include <sys/stat.h>
| #endif
| #ifdef STDC_HEADERS
| # include <stdlib.h>
| # include <stddef.h>
| #else
| # ifdef HAVE_STDLIB_H
| #  include <stdlib.h>
| # endif
| #endif
| #ifdef HAVE_STRING_H
| # if !defined STDC_HEADERS && defined HAVE_MEMORY_H
| #  include <memory.h>
| # endif
| # include <string.h>
| #endif
| #ifdef HAVE_STRINGS_H
| # include <strings.h>
| #endif
| #ifdef HAVE_INTTYPES_H
| # include <inttypes.h>
| #endif
| #ifdef HAVE_STDINT_H
| # include <stdint.h>
| #endif
| #ifdef HAVE_UNISTD_H
| # include <unistd.h>
| #endif
| int
| main ()
| {
| if (sizeof ((pid_t)))
| 	    return 0;
|   ;
|   return 0;
| }
configure:4158: result: yes
configure:4169: checking whether time.h and sys/time.h may both be included
configure:4189: gcc -c -g -O2  -I/usr/src/linux/include conftest.c >&5
configure:4189: $? = 0
configure:4196: result: yes
configure:4206: checking whether gcc needs -traditional
configure:4240: result: no
configure:4247: checking for working memcmp
configure:4290: gcc -o conftest -g -O2  -I/usr/src/linux/include  conftest.c -lpopt -lssl -lcrypto  -lnl-3 -lnl-genl-3 >&5
configure:4290: $? = 0
configure:4290: ./conftest
configure:4290: $? = 0
configure:4300: result: yes
configure:4309: checking return type of signal handlers
configure:4327: gcc -c -g -O2  -I/usr/src/linux/include conftest.c >&5
conftest.c: In function 'main':
conftest.c:38:1: error: void value not ignored as it ought to be
 return *(signal (0, 0)) (0) == 1;
 ^
configure:4327: $? = 1
configure: failed program was:
| /* confdefs.h */
| #define PACKAGE_NAME ""
| #define PACKAGE_TARNAME ""
| #define PACKAGE_VERSION ""
| #define PACKAGE_STRING ""
| #define PACKAGE_BUGREPORT ""
| #define PACKAGE_URL ""
| #define STDC_HEADERS 1
| #define HAVE_SYS_WAIT_H 1
| #define HAVE_SYS_TYPES_H 1
| #define HAVE_SYS_STAT_H 1
| #define HAVE_STDLIB_H 1
| #define HAVE_STRING_H 1
| #define HAVE_MEMORY_H 1
| #define HAVE_STRINGS_H 1
| #define HAVE_INTTYPES_H 1
| #define HAVE_STDINT_H 1
| #define HAVE_UNISTD_H 1
| #define HAVE_FCNTL_H 1
| #define HAVE_SYSLOG_H 1
| #define HAVE_UNISTD_H 1
| #define HAVE_SYS_IOCTL_H 1
| #define HAVE_SYS_TIME_H 1
| #define HAVE_OPENSSL_SSL_H 1
| #define HAVE_OPENSSL_MD5_H 1
| #define HAVE_OPENSSL_ERR_H 1
| #define HAVE_LIBCRYPTO 1
| #define HAVE_LIBSSL 1
| #define HAVE_LIBPOPT 1
| #define TIME_WITH_SYS_TIME 1
| /* end confdefs.h.  */
| #include <sys/types.h>
| #include <signal.h>
| 
| int
| main ()
| {
| return *(signal (0, 0)) (0) == 1;
|   ;
|   return 0;
| }
configure:4334: result: void
configure:4345: checking for gettimeofday
configure:4345: gcc -o conftest -g -O2  -I/usr/src/linux/include  conftest.c -lpopt -lssl -lcrypto  -lnl-3 -lnl-genl-3 >&5
configure:4345: $? = 0
configure:4345: result: yes
configure:4345: checking for select
configure:4345: gcc -o conftest -g -O2  -I/usr/src/linux/include  conftest.c -lpopt -lssl -lcrypto  -lnl-3 -lnl-genl-3 >&5
configure:4345: $? = 0
configure:4345: result: yes
configure:4345: checking for socket
configure:4345: gcc -o conftest -g -O2  -I/usr/src/linux/include  conftest.c -lpopt -lssl -lcrypto  -lnl-3 -lnl-genl-3 >&5
configure:4345: $? = 0
configure:4345: result: yes
configure:4345: checking for strerror
configure:4345: gcc -o conftest -g -O2  -I/usr/src/linux/include  conftest.c -lpopt -lssl -lcrypto  -lnl-3 -lnl-genl-3 >&5
configure:4345: $? = 0
configure:4345: result: yes
configure:4345: checking for strtol
configure:4345: gcc -o conftest -g -O2  -I/usr/src/linux/include  conftest.c -lpopt -lssl -lcrypto  -lnl-3 -lnl-genl-3 >&5
configure:4345: $? = 0
configure:4345: result: yes
configure:4345: checking for uname
configure:4345: gcc -o conftest -g -O2  -I/usr/src/linux/include  conftest.c -lpopt -lssl -lcrypto  -lnl-3 -lnl-genl-3 >&5
configure:4345: $? = 0
configure:4345: result: yes
configure:4519: creating ./config.status

## ---------------------- ##
## Running config.status. ##
## ---------------------- ##

This file was extended by config.status, which was
generated by GNU Autoconf 2.69.  Invocation command line was

  CONFIG_FILES    = 
  CONFIG_HEADERS  = 
  CONFIG_LINKS    = 
  CONFIG_COMMANDS = 
  $ ./config.status 

on lvs3

config.status:738: creating Makefile
config.status:738: creating genhash/Makefile
config.status:841: WARNING:  'genhash/Makefile.in' seems to ignore the --datarootdir setting
config.status:738: creating keepalived/core/Makefile
config.status:738: creating keepalived/include/config.h
config.status:738: creating keepalived.spec
config.status:738: creating keepalived/Makefile
config.status:841: WARNING:  'keepalived/Makefile.in' seems to ignore the --datarootdir setting
config.status:738: creating lib/Makefile
config.status:738: creating keepalived/vrrp/Makefile
config.status:738: creating keepalived/check/Makefile
config.status:738: creating keepalived/libipvs-2.6/Makefile

## ---------------- ##
## Cache variables. ##
## ---------------- ##

ac_cv_c_compiler_gnu=yes
ac_cv_c_const=yes
ac_cv_env_CC_set=
ac_cv_env_CC_value=
ac_cv_env_CFLAGS_set=
ac_cv_env_CFLAGS_value=
ac_cv_env_CPPFLAGS_set=
ac_cv_env_CPPFLAGS_value=
ac_cv_env_CPP_set=
ac_cv_env_CPP_value=
ac_cv_env_LDFLAGS_set=
ac_cv_env_LDFLAGS_value=
ac_cv_env_LIBS_set=
ac_cv_env_LIBS_value=
ac_cv_env_build_alias_set=
ac_cv_env_build_alias_value=
ac_cv_env_host_alias_set=
ac_cv_env_host_alias_value=
ac_cv_env_target_alias_set=
ac_cv_env_target_alias_value=
ac_cv_func_gettimeofday=yes
ac_cv_func_memcmp_working=yes
ac_cv_func_select=yes
ac_cv_func_socket=yes
ac_cv_func_strerror=yes
ac_cv_func_strtol=yes
ac_cv_func_uname=yes
ac_cv_have_decl_ETHERTYPE_IPV6=yes
ac_cv_header_fcntl_h=yes
ac_cv_header_inttypes_h=yes
ac_cv_header_memory_h=yes
ac_cv_header_net_ip_vs_h=yes
ac_cv_header_openssl_err_h=yes
ac_cv_header_openssl_md5_h=yes
ac_cv_header_openssl_ssl_h=yes
ac_cv_header_stdc=yes
ac_cv_header_stdint_h=yes
ac_cv_header_stdlib_h=yes
ac_cv_header_string_h=yes
ac_cv_header_strings_h=yes
ac_cv_header_sys_ioctl_h=yes
ac_cv_header_sys_stat_h=yes
ac_cv_header_sys_time_h=yes
ac_cv_header_sys_types_h=yes
ac_cv_header_sys_wait_h=yes
ac_cv_header_syslog_h=yes
ac_cv_header_time=yes
ac_cv_header_unistd_h=yes
ac_cv_lib_crypto_MD5_Init=yes
ac_cv_lib_nl_nl_handle_alloc=yes
ac_cv_lib_popt_poptGetContext=yes
ac_cv_lib_ssl_SSL_CTX_new=yes
ac_cv_objext=o
ac_cv_path_EGREP='/bin/grep -E'
ac_cv_path_GREP=/bin/grep
ac_cv_path_install='/bin/install -c'
ac_cv_prog_CPP='gcc -E'
ac_cv_prog_ac_ct_CC=gcc
ac_cv_prog_ac_ct_STRIP=strip
ac_cv_prog_cc_c89=
ac_cv_prog_cc_g=yes
ac_cv_prog_gcc_traditional=no
ac_cv_type_pid_t=yes
ac_cv_type_signal=void

## ----------------- ##
## Output variables. ##
## ----------------- ##

CC='gcc'
CFLAGS='-g -O2'
CPP='gcc -E'
CPPFLAGS=' -I/usr/src/linux/include'
DEFS='-DPACKAGE_NAME=\"\" -DPACKAGE_TARNAME=\"\" -DPACKAGE_VERSION=\"\" -DPACKAGE_STRING=\"\" -DPACKAGE_BUGREPORT=\"\" -DPACKAGE_URL=\"\" -DSTDC_HEADERS=1 -DHAVE_SYS_WAIT_H=1 -DHAVE_SYS_TYPES_H=1 -DHAVE_SYS_STAT_H=1 -DHAVE_STDLIB_H=1 -DHAVE_STRING_H=1 -DHAVE_MEMORY_H=1 -DHAVE_STRINGS_H=1 -DHAVE_INTTYPES_H=1 -DHAVE_STDINT_H=1 -DHAVE_UNISTD_H=1 -DHAVE_FCNTL_H=1 -DHAVE_SYSLOG_H=1 -DHAVE_UNISTD_H=1 -DHAVE_SYS_IOCTL_H=1 -DHAVE_SYS_TIME_H=1 -DHAVE_OPENSSL_SSL_H=1 -DHAVE_OPENSSL_MD5_H=1 -DHAVE_OPENSSL_ERR_H=1 -DHAVE_LIBCRYPTO=1 -DHAVE_LIBSSL=1 -DHAVE_LIBPOPT=1 -DTIME_WITH_SYS_TIME=1 -DRETSIGTYPE=void -DHAVE_GETTIMEOFDAY=1 -DHAVE_SELECT=1 -DHAVE_SOCKET=1 -DHAVE_STRERROR=1 -DHAVE_STRTOL=1 -DHAVE_UNAME=1'
DFLAGS=''
ECHO_C=''
ECHO_N='-n'
ECHO_T=''
EGREP='/bin/grep -E'
EXEEXT=''
GREP='/bin/grep'
INSTALL_DATA='${INSTALL} -m 644'
INSTALL_PROGRAM='${INSTALL}'
INSTALL_SCRIPT='${INSTALL}'
IPVS_SUPPORT='_WITH_LVS_'
IPVS_SYNCD='_HAVE_IPVS_SYNCD_'
KERN='_KRNL_2_6_'
LDFLAGS=''
LIBOBJS=''
LIBS='-lpopt -lssl -lcrypto  -lnl-3 -lnl-genl-3'
LTLIBOBJS=''
OBJEXT='o'
PACKAGE_BUGREPORT=''
PACKAGE_NAME=''
PACKAGE_STRING=''
PACKAGE_TARNAME=''
PACKAGE_URL=''
PACKAGE_VERSION=''
PATH_SEPARATOR=':'
SHELL='/bin/sh'
STRIP='strip'
USE_NL='LIBIPVS_USE_NL'
VERSION='1.2.2'
VERSION_DATE='08/26,2016'
VRRP_SUPPORT='_WITH_VRRP_'
ac_ct_CC='gcc'
bindir='${exec_prefix}/bin'
build_alias=''
datadir='${datarootdir}'
datarootdir='${prefix}/share'
docdir='${datarootdir}/doc/${PACKAGE}'
dvidir='${docdir}'
exec_prefix='${prefix}'
host_alias=''
htmldir='${docdir}'
includedir='${prefix}/include'
infodir='${datarootdir}/info'
libdir='${exec_prefix}/lib'
libexecdir='${exec_prefix}/libexec'
localedir='${datarootdir}/locale'
localstatedir='${prefix}/var'
mandir='${datarootdir}/man'
oldincludedir='/usr/include'
pdfdir='${docdir}'
prefix='/usr/local'
program_transform_name='s,x,x,'
psdir='${docdir}'
sbindir='${exec_prefix}/sbin'
sharedstatedir='${prefix}/com'
sysconfdir='${prefix}/etc'
target_alias=''

## ----------- ##
## confdefs.h. ##
## ----------- ##

/* confdefs.h */
#define PACKAGE_NAME ""
#define PACKAGE_TARNAME ""
#define PACKAGE_VERSION ""
#define PACKAGE_STRING ""
#define PACKAGE_BUGREPORT ""
#define PACKAGE_URL ""
#define STDC_HEADERS 1
#define HAVE_SYS_WAIT_H 1
#define HAVE_SYS_TYPES_H 1
#define HAVE_SYS_STAT_H 1
#define HAVE_STDLIB_H 1
#define HAVE_STRING_H 1
#define HAVE_MEMORY_H 1
#define HAVE_STRINGS_H 1
#define HAVE_INTTYPES_H 1
#define HAVE_STDINT_H 1
#define HAVE_UNISTD_H 1
#define HAVE_FCNTL_H 1
#define HAVE_SYSLOG_H 1
#define HAVE_UNISTD_H 1
#define HAVE_SYS_IOCTL_H 1
#define HAVE_SYS_TIME_H 1
#define HAVE_OPENSSL_SSL_H 1
#define HAVE_OPENSSL_MD5_H 1
#define HAVE_OPENSSL_ERR_H 1
#define HAVE_LIBCRYPTO 1
#define HAVE_LIBSSL 1
#define HAVE_LIBPOPT 1
#define TIME_WITH_SYS_TIME 1
#define RETSIGTYPE void
#define HAVE_GETTIMEOFDAY 1
#define HAVE_SELECT 1
#define HAVE_SOCKET 1
#define HAVE_STRERROR 1
#define HAVE_STRTOL 1
#define HAVE_UNAME 1

configure: exit 0
